<?xml version="1.0" encoding="UTF-8"?>
<testsuite xmlns:xsi="http://www.w3.org/2001/XMLSchema-instance" xsi:noNamespaceSchemaLocation="https://maven.apache.org/surefire/maven-surefire-plugin/xsd/surefire-test-report-3.0.xsd" version="3.0" name="com.ruangong.graphql.UserGraphqlIntegrationTest" time="5.631" tests="2" errors="0" skipped="0" failures="0">
  <properties>
[...]
</properties>
  <testcase name="registerStudentAndLoginSuccessfully" classname="com.ruangong.graphql.UserGraphqlIntegrationTest" time="1.017">
    <system-out><![CDATA[22:01:52.097 [main] INFO io.zonky.test.db.postgres.embedded.EmbeddedPostgres -- Detected a Darwin aarch64 system
22:01:52.100 [main] INFO io.zonky.test.db.postgres.embedded.DefaultPostgresBinaryResolver -- Detected distribution: 'Unknown'
22:01:52.101 [main] WARN io.zonky.test.db.postgres.embedded.DefaultPostgresBinaryResolver -- No native binaries supporting aarch64 architecture found. Trying to use binaries for amd64 architecture instead: 'postgres-darwin-x86_64.txz'. Make sure you have Rosetta 2 emulation enabled. Note that performance may be degraded.
22:01:52.190 [main] INFO io.zonky.test.db.postgres.embedded.EmbeddedPostgres -- Postgres binaries at /var/folders/my/34gw4wcn50d3wn79z140kn_c0000gn/T/embedded-pg/PG-95baeb96ab6751ea71c17b280cad95e9
22:01:52.369 [initdb:pid(82957)] INFO io.zonky.test.db.postgres.embedded.EmbeddedPostgres -- The files belonging to this database system will be owned by user "eth4n".
22:01:52.369 [initdb:pid(82957)] INFO io.zonky.test.db.postgres.embedded.EmbeddedPostgres -- This user must also own the server process.
22:01:52.369 [initdb:pid(82957)] INFO io.zonky.test.db.postgres.embedded.EmbeddedPostgres -- 
22:01:52.369 [initdb:pid(82957)] INFO io.zonky.test.db.postgres.embedded.EmbeddedPostgres -- The database cluster will be initialized with locale "zh_CN.UTF-8".
22:01:52.369 [initdb:pid(82957)] INFO io.zonky.test.db.postgres.embedded.EmbeddedPostgres -- initdb: could not find suitable text search configuration for locale "zh_CN.UTF-8"
22:01:52.369 [initdb:pid(82957)] INFO io.zonky.test.db.postgres.embedded.EmbeddedPostgres -- The default text search configuration will be set to "simple".
22:01:52.369 [initdb:pid(82957)] INFO io.zonky.test.db.postgres.embedded.EmbeddedPostgres -- 
22:01:52.369 [initdb:pid(82957)] INFO io.zonky.test.db.postgres.embedded.EmbeddedPostgres -- Data page checksums are disabled.
22:01:52.369 [initdb:pid(82957)] INFO io.zonky.test.db.postgres.embedded.EmbeddedPostgres -- 
22:01:52.369 [initdb:pid(82957)] INFO io.zonky.test.db.postgres.embedded.EmbeddedPostgres -- fixing permissions on existing directory /var/folders/my/34gw4wcn50d3wn79z140kn_c0000gn/T/epg11100265565143677710 ... ok
22:01:52.370 [initdb:pid(82957)] INFO io.zonky.test.db.postgres.embedded.EmbeddedPostgres -- creating subdirectories ... ok
22:01:52.371 [initdb:pid(82957)] INFO io.zonky.test.db.postgres.embedded.EmbeddedPostgres -- selecting dynamic shared memory implementation ... posix
22:01:52.402 [initdb:pid(82957)] INFO io.zonky.test.db.postgres.embedded.EmbeddedPostgres -- selecting default max_connections ... 100
22:01:52.419 [initdb:pid(82957)] INFO io.zonky.test.db.postgres.embedded.EmbeddedPostgres -- selecting default shared_buffers ... 128MB
22:01:52.421 [initdb:pid(82957)] INFO io.zonky.test.db.postgres.embedded.EmbeddedPostgres -- selecting default time zone ... Asia/Shanghai
22:01:52.422 [initdb:pid(82957)] INFO io.zonky.test.db.postgres.embedded.EmbeddedPostgres -- creating configuration files ... ok
22:01:52.588 [initdb:pid(82957)] INFO io.zonky.test.db.postgres.embedded.EmbeddedPostgres -- running bootstrap script ... ok
22:01:53.030 [initdb:pid(82957)] INFO io.zonky.test.db.postgres.embedded.EmbeddedPostgres -- performing post-bootstrap initialization ... ok
22:01:53.052 [initdb:pid(82957)] INFO io.zonky.test.db.postgres.embedded.EmbeddedPostgres -- syncing data to disk ... ok
22:01:53.052 [initdb:pid(82957)] INFO io.zonky.test.db.postgres.embedded.EmbeddedPostgres -- 
22:01:53.052 [initdb:pid(82957)] INFO io.zonky.test.db.postgres.embedded.EmbeddedPostgres -- Success. You can now start the database server using:
22:01:53.053 [initdb:pid(82957)] INFO io.zonky.test.db.postgres.embedded.EmbeddedPostgres -- 
22:01:53.053 [initdb:pid(82957)] INFO io.zonky.test.db.postgres.embedded.EmbeddedPostgres --     /var/folders/my/34gw4wcn50d3wn79z140kn_c0000gn/T/embedded-pg/PG-95baeb96ab6751ea71c17b280cad95e9/bin/pg_ctl -D /var/folders/my/34gw4wcn50d3wn79z140kn_c0000gn/T/epg11100265565143677710 -l logfile start
22:01:53.053 [initdb:pid(82957)] INFO io.zonky.test.db.postgres.embedded.EmbeddedPostgres -- 
22:01:53.053 [main] INFO io.zonky.test.db.postgres.embedded.EmbeddedPostgres -- c9b4ac0d-10be-4e7f-a7e3-abfd05db616b initdb completed in 00:00:00.861
22:01:53.062 [main] INFO io.zonky.test.db.postgres.embedded.EmbeddedPostgres -- c9b4ac0d-10be-4e7f-a7e3-abfd05db616b postmaster started as Process[pid=82968, exitValue="not exited"] on port 58684.  Waiting up to PT10S for server startup to finish.
22:01:53.107 [postgres:pid(82968)] INFO io.zonky.test.db.postgres.embedded.EmbeddedPostgres -- waiting for server to start....2025-11-05 22:01:53.107 CST [82970] LOG:  starting PostgreSQL 14.8 on x86_64-apple-darwin20.6.0, compiled by Apple clang version 12.0.0 (clang-1200.0.32.29), 64-bit
22:01:53.110 [postgres:pid(82968)] INFO io.zonky.test.db.postgres.embedded.EmbeddedPostgres -- 2025-11-05 22:01:53.110 CST [82970] LOG:  listening on IPv6 address "::1", port 58684
22:01:53.110 [postgres:pid(82968)] INFO io.zonky.test.db.postgres.embedded.EmbeddedPostgres -- 2025-11-05 22:01:53.110 CST [82970] LOG:  listening on IPv4 address "127.0.0.1", port 58684
22:01:53.110 [postgres:pid(82968)] INFO io.zonky.test.db.postgres.embedded.EmbeddedPostgres -- 2025-11-05 22:01:53.110 CST [82970] LOG:  listening on Unix socket "/tmp/.s.PGSQL.58684"
22:01:53.112 [postgres:pid(82968)] INFO io.zonky.test.db.postgres.embedded.EmbeddedPostgres -- 2025-11-05 22:01:53.112 CST [82972] LOG:  database system was shut down at 2025-11-05 22:01:53 CST
22:01:53.113 [postgres:pid(82968)] INFO io.zonky.test.db.postgres.embedded.EmbeddedPostgres -- 2025-11-05 22:01:53.113 CST [82970] LOG:  database system is ready to accept connections
22:01:53.195 [postgres:pid(82968)] INFO io.zonky.test.db.postgres.embedded.EmbeddedPostgres --  done
22:01:53.196 [postgres:pid(82968)] INFO io.zonky.test.db.postgres.embedded.EmbeddedPostgres -- server started
22:01:53.254 [main] INFO io.zonky.test.db.postgres.embedded.EmbeddedPostgres -- c9b4ac0d-10be-4e7f-a7e3-abfd05db616b postmaster startup finished in 00:00:00.198
22:01:53.303 [main] INFO org.springframework.test.context.support.AnnotationConfigContextLoaderUtils -- Could not detect default configuration classes for test class [com.ruangong.graphql.UserGraphqlIntegrationTest]: UserGraphqlIntegrationTest does not declare any static, non-private, non-final, nested classes annotated with @Configuration.
22:01:53.366 [main] INFO org.springframework.boot.test.context.SpringBootTestContextBootstrapper -- Found @SpringBootConfiguration com.ruangong.RuangongApplication for test class com.ruangong.graphql.UserGraphqlIntegrationTest

  .   ____          _            __ _ _
 /\\ / ___'_ __ _ _(_)_ __  __ _ \ \ \ \
( ( )\___ | '_ | '_| | '_ \/ _` | \ \ \ \
 \\/  ___)| |_)| | | | | || (_| |  ) ) ) )
  '  |____| .__|_| |_|_| |_\__, | / / / /
 =========|_|==============|___/=/_/_/_/

 :: Spring Boot ::                (v3.3.4)

2025-11-05T22:01:53.553+08:00  INFO 82954 --- [           main] c.r.graphql.UserGraphqlIntegrationTest   : Starting UserGraphqlIntegrationTest using Java 23.0.2 with PID 82954 (started by eth4n in /Users/eth4n/Projects/ruangong/server)
2025-11-05T22:01:53.554+08:00  INFO 82954 --- [           main] c.r.graphql.UserGraphqlIntegrationTest   : No active profile set, falling back to 1 default profile: "default"
2025-11-05T22:01:53.871+08:00  INFO 82954 --- [           main] .s.d.r.c.RepositoryConfigurationDelegate : Bootstrapping Spring Data JPA repositories in DEFAULT mode.
2025-11-05T22:01:53.955+08:00  INFO 82954 --- [           main] .s.d.r.c.RepositoryConfigurationDelegate : Finished Spring Data repository scanning in 80 ms. Found 5 JPA repository interfaces.
2025-11-05T22:01:54.256+08:00  INFO 82954 --- [           main] o.s.b.w.embedded.tomcat.TomcatWebServer  : Tomcat initialized with port 0 (http)
2025-11-05T22:01:54.264+08:00  INFO 82954 --- [           main] o.apache.catalina.core.StandardService   : Starting service [Tomcat]
2025-11-05T22:01:54.265+08:00  INFO 82954 --- [           main] o.apache.catalina.core.StandardEngine    : Starting Servlet engine: [Apache Tomcat/10.1.30]
2025-11-05T22:01:54.291+08:00  INFO 82954 --- [           main] o.a.c.c.C.[Tomcat].[localhost].[/]       : Initializing Spring embedded WebApplicationContext
2025-11-05T22:01:54.292+08:00  INFO 82954 --- [           main] w.s.c.ServletWebServerApplicationContext : Root WebApplicationContext: initialization completed in 729 ms
2025-11-05T22:01:54.338+08:00  INFO 82954 --- [           main] com.zaxxer.hikari.HikariDataSource       : HikariPool-1 - Starting...
2025-11-05T22:01:54.345+08:00  INFO 82954 --- [           main] com.zaxxer.hikari.pool.HikariPool        : HikariPool-1 - Added connection org.postgresql.jdbc.PgConnection@21a6a494
2025-11-05T22:01:54.345+08:00  INFO 82954 --- [           main] com.zaxxer.hikari.HikariDataSource       : HikariPool-1 - Start completed.
2025-11-05T22:01:54.400+08:00  INFO 82954 --- [           main] o.hibernate.jpa.internal.util.LogHelper  : HHH000204: Processing PersistenceUnitInfo [name: default]
2025-11-05T22:01:54.438+08:00  INFO 82954 --- [           main] org.hibernate.Version                    : HHH000412: Hibernate ORM core version 6.5.3.Final
2025-11-05T22:01:54.457+08:00  INFO 82954 --- [           main] o.h.c.internal.RegionFactoryInitiator    : HHH000026: Second-level cache disabled
2025-11-05T22:01:54.592+08:00  INFO 82954 --- [           main] o.s.o.j.p.SpringPersistenceUnitInfo      : No LoadTimeWeaver setup: ignoring JPA class transformer
2025-11-05T22:01:55.167+08:00  INFO 82954 --- [           main] o.h.e.t.j.p.i.JtaPlatformInitiator       : HHH000489: No JTA platform available (set 'hibernate.transaction.jta.platform' to enable JTA platform integration)
2025-11-05T22:01:55.168+08:00  INFO 82954 --- [           main] j.LocalContainerEntityManagerFactoryBean : Initialized JPA EntityManagerFactory for persistence unit 'default'
2025-11-05T22:01:55.313+08:00  INFO 82954 --- [           main] o.s.d.j.r.query.QueryEnhancerFactory     : Hibernate is in classpath; If applicable, HQL parser will be used.
2025-11-05T22:01:55.626+08:00  WARN 82954 --- [           main] JpaBaseConfiguration$JpaWebConfiguration : spring.jpa.open-in-view is enabled by default. Therefore, database queries may be performed during view rendering. Explicitly configure spring.jpa.open-in-view to disable this warning
2025-11-05T22:01:55.818+08:00  INFO 82954 --- [           main] efaultSchemaResourceGraphQlSourceBuilder : Loaded 1 resource(s) in the GraphQL schema.
2025-11-05T22:01:55.904+08:00  INFO 82954 --- [           main] o.s.b.a.g.GraphQlAutoConfiguration       : GraphQL schema inspection:
	Unmapped fields: {}
	Unmapped registrations: {}
	Unmapped arguments: {}
	Skipped types: [StudentProfile, TeacherProfile, AdminProfile]
2025-11-05T22:01:55.917+08:00  INFO 82954 --- [           main] s.b.a.g.s.GraphQlWebMvcAutoConfiguration : GraphQL endpoint HTTP POST /graphql
2025-11-05T22:01:56.036+08:00  INFO 82954 --- [           main] o.s.b.w.embedded.tomcat.TomcatWebServer  : Tomcat started on port 58700 (http) with context path '/'
2025-11-05T22:01:56.042+08:00  INFO 82954 --- [           main] c.r.graphql.UserGraphqlIntegrationTest   : Started UserGraphqlIntegrationTest in 2.617 seconds (process running for 4.405)
2025-11-05T22:01:56.673+08:00 ERROR 82954 --- [           main] i.n.r.d.DnsServerAddressStreamProviders  : Unable to load io.netty.resolver.dns.macos.MacOSDnsServerAddressStreamProvider, fallback to system defaults. This may result in incorrect DNS resolutions on MacOS. Check whether you have a dependency on 'io.netty:netty-resolver-dns-native-macos'. Use DEBUG level to see the full stack: java.lang.UnsatisfiedLinkError: failed to load the required native library
2025-11-05T22:01:56.782+08:00  INFO 82954 --- [o-auto-1-exec-1] o.a.c.c.C.[Tomcat].[localhost].[/]       : Initializing Spring DispatcherServlet 'dispatcherServlet'
2025-11-05T22:01:56.782+08:00  INFO 82954 --- [o-auto-1-exec-1] o.s.web.servlet.DispatcherServlet        : Initializing Servlet 'dispatcherServlet'
2025-11-05T22:01:56.783+08:00  INFO 82954 --- [o-auto-1-exec-1] o.s.web.servlet.DispatcherServlet        : Completed initialization in 1 ms
]]></system-out>
    <system-err><![CDATA[WARNING: A Java agent has been loaded dynamically (/Users/eth4n/.m2/repository/net/bytebuddy/byte-buddy-agent/1.14.19/byte-buddy-agent-1.14.19.jar)
WARNING: If a serviceability tool is in use, please run with -XX:+EnableDynamicAgentLoading to hide this warning
WARNING: If a serviceability tool is not in use, please run with -Djdk.instrument.traceUsage for more information
WARNING: Dynamic loading of agents will be disallowed by default in a future release
]]></system-err>
  </testcase>
  <testcase name="adminCanCreateTeacherUser" classname="com.ruangong.graphql.UserGraphqlIntegrationTest" time="0.28"/>
</testsuite>