-------------------------------------------------------------------------------
Test set: com.ruangong.graphql.UserGraphqlIntegrationTest
-------------------------------------------------------------------------------
Tests run: 1, Failures: 0, Errors: 1, Skipped: 0, Time elapsed: 0.061 s <<< FAILURE! -- in com.ruangong.graphql.UserGraphqlIntegrationTest
com.ruangong.graphql.UserGraphqlIntegrationTest -- Time elapsed: 0.061 s <<< ERROR!
java.lang.ExceptionInInitializerError
	at java.base/jdk.internal.misc.Unsafe.ensureClassInitialized0(Native Method)
	at java.base/jdk.internal.misc.Unsafe.ensureClassInitialized(Unsafe.java:1161)
	at java.base/java.lang.reflect.Constructor.acquireConstructorAccessor(Constructor.java:548)
	at java.base/java.lang.reflect.Constructor.newInstanceWithCaller(Constructor.java:498)
	at java.base/java.lang.reflect.Constructor.newInstance(Constructor.java:485)
	at java.base/java.util.Optional.orElseGet(Optional.java:364)
	at java.base/java.util.ArrayList.forEach(ArrayList.java:1597)
Caused by: java.lang.RuntimeException: Failed to start embedded Postgres
	at com.ruangong.graphql.UserGraphqlIntegrationTest.<clinit>(UserGraphqlIntegrationTest.java:47)
	... 7 more
Caused by: java.net.SocketException: Operation not permitted
	at java.base/sun.nio.ch.Net.bind0(Native Method)
	at java.base/sun.nio.ch.Net.bind(Net.java:565)
	at java.base/sun.nio.ch.Net.bind(Net.java:554)
	at java.base/sun.nio.ch.NioSocketImpl.bind(NioSocketImpl.java:636)
	at java.base/java.net.ServerSocket.bind(ServerSocket.java:389)
	at java.base/java.net.ServerSocket.<init>(ServerSocket.java:276)
	at java.base/java.net.ServerSocket.<init>(ServerSocket.java:170)
	at io.zonky.test.db.postgres.embedded.EmbeddedPostgres.detectPort(EmbeddedPostgres.java:222)
	at io.zonky.test.db.postgres.embedded.EmbeddedPostgres.access$300(EmbeddedPostgres.java:81)
	at io.zonky.test.db.postgres.embedded.EmbeddedPostgres$Builder.start(EmbeddedPostgres.java:579)
	at com.ruangong.graphql.UserGraphqlIntegrationTest.<clinit>(UserGraphqlIntegrationTest.java:45)
	... 7 more

